Using pre-set license
Built from '2021.3/staging' branch; Version is '2021.3.7f1 (24e8595d6d43) revision 2418777'; Using compiler version '192829333'; Build Type 'Release'
OS: 'Windows 10  (10.0.19044) 64bit Core' Language: 'ko' Physical Memory: 8109 MB
BatchMode: 1, IsHumanControllingUs: 0, StartBugReporterOnCrash: 0, Is64bit: 1, IsPro: 1

COMMAND LINE ARGUMENTS:
C:\Program Files\Unity\Hub\Editor\2021.3.7f1\Editor\Unity.exe
-adb2
-batchMode
-noUpm
-name
AssetImportWorker0
-projectPath
C:/Users/as_hy/Desktop/NoWhere/NoWhere
-logFile
Logs/AssetImportWorker0.log
-srvPort
60381
Successfully changed project path to: C:/Users/as_hy/Desktop/NoWhere/NoWhere
C:/Users/as_hy/Desktop/NoWhere/NoWhere
[UnityMemory] Configuration Parameters - Can be set up in boot.config
    "memorysetup-bucket-allocator-granularity=16"
    "memorysetup-bucket-allocator-bucket-count=8"
    "memorysetup-bucket-allocator-block-size=33554432"
    "memorysetup-bucket-allocator-block-count=8"
    "memorysetup-main-allocator-block-size=16777216"
    "memorysetup-thread-allocator-block-size=16777216"
    "memorysetup-gfx-main-allocator-block-size=16777216"
    "memorysetup-gfx-thread-allocator-block-size=16777216"
    "memorysetup-cache-allocator-block-size=4194304"
    "memorysetup-typetree-allocator-block-size=2097152"
    "memorysetup-profiler-bucket-allocator-granularity=16"
    "memorysetup-profiler-bucket-allocator-bucket-count=8"
    "memorysetup-profiler-bucket-allocator-block-size=33554432"
    "memorysetup-profiler-bucket-allocator-block-count=8"
    "memorysetup-profiler-allocator-block-size=16777216"
    "memorysetup-profiler-editor-allocator-block-size=1048576"
    "memorysetup-temp-allocator-size-main=16777216"
    "memorysetup-job-temp-allocator-block-size=2097152"
    "memorysetup-job-temp-allocator-block-size-background=1048576"
    "memorysetup-job-temp-allocator-reduction-small-platforms=262144"
    "memorysetup-temp-allocator-size-background-worker=32768"
    "memorysetup-temp-allocator-size-job-worker=262144"
    "memorysetup-temp-allocator-size-preload-manager=33554432"
    "memorysetup-temp-allocator-size-nav-mesh-worker=65536"
    "memorysetup-temp-allocator-size-audio-worker=65536"
    "memorysetup-temp-allocator-size-cloud-worker=32768"
    "memorysetup-temp-allocator-size-gi-baking-worker=262144"
    "memorysetup-temp-allocator-size-gfx=262144"
Refreshing native plugins compatible for Editor in 148.75 ms, found 3 plugins.
Preloading 0 native plugins for Editor in 0.00 ms.
Initialize engine version: 2021.3.7f1 (24e8595d6d43)
[Subsystems] Discovering subsystems at path C:/Program Files/Unity/Hub/Editor/2021.3.7f1/Editor/Data/Resources/UnitySubsystems
[Subsystems] Discovering subsystems at path C:/Users/as_hy/Desktop/NoWhere/NoWhere/Assets
GfxDevice: creating device client; threaded=0; jobified=0
Direct3D:
    Version:  Direct3D 11.0 [level 11.0]
    Renderer: NVIDIA GeForce 940MX (ID=0x134d)
    Vendor:   NVIDIA
    VRAM:     2010 MB
    Driver:   26.21.14.3063
Initialize mono
Mono path[0] = 'C:/Program Files/Unity/Hub/Editor/2021.3.7f1/Editor/Data/Managed'
Mono path[1] = 'C:/Program Files/Unity/Hub/Editor/2021.3.7f1/Editor/Data/MonoBleedingEdge/lib/mono/unityjit-win32'
Mono config path = 'C:/Program Files/Unity/Hub/Editor/2021.3.7f1/Editor/Data/MonoBleedingEdge/etc'
Using monoOptions --debugger-agent=transport=dt_socket,embedding=1,server=y,suspend=n,address=127.0.0.1:56080
Begin MonoManager ReloadAssembly
Registering precompiled unity dll's ...
Register platform support module: C:/Program Files/Unity/Hub/Editor/2021.3.7f1/Editor/Data/PlaybackEngines/WindowsStandaloneSupport/UnityEditor.WindowsStandalone.Extensions.dll
Registered in 0.010644 seconds.
Native extension for WindowsStandalone target not found
Refreshing native plugins compatible for Editor in 169.29 ms, found 3 plugins.
Preloading 0 native plugins for Editor in 0.00 ms.
Mono: successfully reloaded assembly
- Completed reload, in  1.149 seconds
Domain Reload Profiling:
	ReloadAssembly (1150ms)
		BeginReloadAssembly (148ms)
			ExecutionOrderSort (0ms)
			DisableScriptedObjects (0ms)
			BackupInstance (0ms)
			ReleaseScriptingObjects (0ms)
			CreateAndSetChildDomain (1ms)
		EndReloadAssembly (808ms)
			LoadAssemblies (145ms)
			RebuildTransferFunctionScriptingTraits (0ms)
			SetupTypeCache (179ms)
			ReleaseScriptCaches (0ms)
			RebuildScriptCaches (63ms)
			SetupLoadedEditorAssemblies (488ms)
				LogAssemblyErrors (0ms)
				InitializePlatformSupportModulesInManaged (20ms)
				SetLoadedEditorAssemblies (0ms)
				RefreshPlugins (169ms)
				BeforeProcessingInitializeOnLoad (3ms)
				ProcessInitializeOnLoadAttributes (212ms)
				ProcessInitializeOnLoadMethodAttributes (83ms)
				AfterProcessingInitializeOnLoad (0ms)
				EditorAssembliesLoaded (0ms)
			ExecutionOrderSort2 (0ms)
			AwakeInstancesAfterBackupRestoration (0ms)
Platform modules already initialized, skipping
Registering precompiled user dll's ...
Registered in 0.010238 seconds.
Begin MonoManager ReloadAssembly
Symbol file LoadedFromMemory doesn't match image C:\Users\as_hy\Desktop\NoWhere\NoWhere\Library\PackageCache\com.unity.visualscripting@1.7.8\Editor\VisualScripting.Core\Dependencies\YamlDotNet\Unity.VisualScripting.YamlDotNet.dll
Symbol file LoadedFromMemory doesn't match image C:\Users\as_hy\Desktop\NoWhere\NoWhere\Library\PackageCache\com.unity.visualscripting@1.7.8\Editor\VisualScripting.Core\Dependencies\DotNetZip\Unity.VisualScripting.IonicZip.dll
Native extension for WindowsStandalone target not found
Refreshing native plugins compatible for Editor in 0.99 ms, found 3 plugins.
Preloading 0 native plugins for Editor in 0.00 ms.
Mono: successfully reloaded assembly
- Completed reload, in  1.698 seconds
Domain Reload Profiling:
	ReloadAssembly (1700ms)
		BeginReloadAssembly (182ms)
			ExecutionOrderSort (0ms)
			DisableScriptedObjects (11ms)
			BackupInstance (0ms)
			ReleaseScriptingObjects (0ms)
			CreateAndSetChildDomain (31ms)
		EndReloadAssembly (1322ms)
			LoadAssemblies (146ms)
			RebuildTransferFunctionScriptingTraits (0ms)
			SetupTypeCache (426ms)
			ReleaseScriptCaches (1ms)
			RebuildScriptCaches (85ms)
			SetupLoadedEditorAssemblies (597ms)
				LogAssemblyErrors (0ms)
				InitializePlatformSupportModulesInManaged (10ms)
				SetLoadedEditorAssemblies (1ms)
				RefreshPlugins (1ms)
				BeforeProcessingInitializeOnLoad (164ms)
				ProcessInitializeOnLoadAttributes (365ms)
				ProcessInitializeOnLoadMethodAttributes (44ms)
				AfterProcessingInitializeOnLoad (12ms)
				EditorAssembliesLoaded (0ms)
			ExecutionOrderSort2 (0ms)
			AwakeInstancesAfterBackupRestoration (9ms)
Platform modules already initialized, skipping
========================================================================
Worker process is ready to serve import requests
Launched and connected shader compiler UnityShaderCompiler.exe after 0.09 seconds
Refreshing native plugins compatible for Editor in 0.88 ms, found 3 plugins.
Preloading 0 native plugins for Editor in 0.00 ms.
Unloading 3513 Unused Serialized files (Serialized files now loaded: 0)
Unloading 33 unused Assets / (1.0 MB). Loaded Objects now: 4001.
Memory consumption went from 227.4 MB to 226.4 MB.
Total: 4.314100 ms (FindLiveObjects: 0.364700 ms CreateObjectMapping: 0.350600 ms MarkObjects: 3.155100 ms  DeleteObjects: 0.442400 ms)

AssetImportParameters requested are different than current active one (requested -> active):
  custom:video-decoder-ogg-theora: a1e56fd34408186e4bbccfd4996cb3dc -> 
  custom:container-muxer-webm: aa71ff27fc2769a1b78a27578f13a17b -> 
  custom:container-demuxer-webm: 4f35f7cbe854078d1ac9338744f61a02 -> 
  custom:video-encoder-webm-vp8: eb34c28f22e8b96e1ab97ce403110664 -> 
  custom:audio-encoder-webm-vorbis: bf7c407c2cedff20999df2af8eb42d56 -> 
  custom:framework-win-MediaFoundation: 216162199b28c13a410421893ffa2e32 -> 
  custom:container-demuxer-ogg: 62fdf1f143b41e24485cea50d1cbac27 -> 
  custom:video-decoder-webm-vp8: 9c59270c3fd7afecdb556c50c9e8de78 -> 
  custom:audio-decoder-ogg-vorbis: bf7c407c2cedff20999df2af8eb42d56 -> 
========================================================================
Received Import Request.
  Time since last request: 838299.982252 seconds.
  path: Assets/resource/Effect/CheckPoint.prefab
  artifactKey: Guid(6698215c729ed9743a4e1c3431e84714) Importer(815301076,1909f56bfc062723c751e8b465ee728b)
Start importing Assets/resource/Effect/CheckPoint.prefab using Guid(6698215c729ed9743a4e1c3431e84714) Importer(815301076,1909f56bfc062723c751e8b465ee728b)  -> (artifact id: '85c7a493b2dfc6d550acca712968a89e') in 0.250601 seconds 
========================================================================
Received Import Request.
  Time since last request: 10.975691 seconds.
  path: Assets/0.Common/Script
  artifactKey: Guid(cf84e4b013c77624f9087345ecbee137) Importer(815301076,1909f56bfc062723c751e8b465ee728b)
Start importing Assets/0.Common/Script using Guid(cf84e4b013c77624f9087345ecbee137) Importer(815301076,1909f56bfc062723c751e8b465ee728b)  -> (artifact id: 'b6c0780096d63ffb3256f570055f03b3') in 0.013075 seconds 
========================================================================
Received Import Request.
  Time since last request: 4.488844 seconds.
  path: Assets/0.Common/Structure
  artifactKey: Guid(cf84e4b013c77624f9087345ecbee137) Importer(815301076,1909f56bfc062723c751e8b465ee728b)
Start importing Assets/0.Common/Structure using Guid(cf84e4b013c77624f9087345ecbee137) Importer(815301076,1909f56bfc062723c751e8b465ee728b)  -> (artifact id: '7c5d5fc5735f39ddae381cbe056ca518') in 0.013964 seconds 
========================================================================
Received Import Request.
  Time since last request: 10.148742 seconds.
  path: Assets/resource/Structure
  artifactKey: Guid(a2bc20614feddf24eb648f36f4bf1a85) Importer(815301076,1909f56bfc062723c751e8b465ee728b)
Start importing Assets/resource/Structure using Guid(a2bc20614feddf24eb648f36f4bf1a85) Importer(815301076,1909f56bfc062723c751e8b465ee728b)  -> (artifact id: '79f5ba01118fe00982d0191085f59dd2') in 0.005113 seconds 
========================================================================
Received Import Request.
  Time since last request: 35.256427 seconds.
  path: Assets/resource/Structure/cabinset.prefab
  artifactKey: Guid(1dba5c71345a20f41a9f3b17b817b9e8) Importer(815301076,1909f56bfc062723c751e8b465ee728b)
Start importing Assets/resource/Structure/cabinset.prefab using Guid(1dba5c71345a20f41a9f3b17b817b9e8) Importer(815301076,1909f56bfc062723c751e8b465ee728b)  -> (artifact id: 'a14c6dce0e21d9c4346820bf16200d30') in 0.279082 seconds 
========================================================================
Received Import Request.
  Time since last request: 1.018684 seconds.
  path: Assets/resource/Structure/cabinset.prefab
  artifactKey: Guid(1dba5c71345a20f41a9f3b17b817b9e8) Importer(815301076,1909f56bfc062723c751e8b465ee728b)
Start importing Assets/resource/Structure/cabinset.prefab using Guid(1dba5c71345a20f41a9f3b17b817b9e8) Importer(815301076,1909f56bfc062723c751e8b465ee728b)  -> (artifact id: 'e3c4c986db998b3accea660831adb1f0') in 0.097111 seconds 
========================================================================
Received Import Request.
  Time since last request: 1.705100 seconds.
  path: Assets/resource/Structure/cabinset.prefab
  artifactKey: Guid(1dba5c71345a20f41a9f3b17b817b9e8) Importer(815301076,1909f56bfc062723c751e8b465ee728b)
Start importing Assets/resource/Structure/cabinset.prefab using Guid(1dba5c71345a20f41a9f3b17b817b9e8) Importer(815301076,1909f56bfc062723c751e8b465ee728b)  -> (artifact id: 'e5302df51a027ab4409d3aa8e38b733c') in 0.087483 seconds 
========================================================================
Received Import Request.
  Time since last request: 5.233229 seconds.
  path: Assets/resource/Structure/cabinset.prefab
  artifactKey: Guid(1dba5c71345a20f41a9f3b17b817b9e8) Importer(815301076,1909f56bfc062723c751e8b465ee728b)
Start importing Assets/resource/Structure/cabinset.prefab using Guid(1dba5c71345a20f41a9f3b17b817b9e8) Importer(815301076,1909f56bfc062723c751e8b465ee728b)  -> (artifact id: '878299ee73ebff8233482c2c178dde00') in 0.103783 seconds 
========================================================================
Received Import Request.
  Time since last request: 4.590407 seconds.
  path: Assets/resource/Structure/cabinset.prefab
  artifactKey: Guid(1dba5c71345a20f41a9f3b17b817b9e8) Importer(815301076,1909f56bfc062723c751e8b465ee728b)
Start importing Assets/resource/Structure/cabinset.prefab using Guid(1dba5c71345a20f41a9f3b17b817b9e8) Importer(815301076,1909f56bfc062723c751e8b465ee728b)  -> (artifact id: '72d04036a1b31a0381662632a8a930c3') in 0.079515 seconds 
========================================================================
Received Import Request.
  Time since last request: 4.611722 seconds.
  path: Assets/resource/Structure/cabinset.prefab
  artifactKey: Guid(1dba5c71345a20f41a9f3b17b817b9e8) Importer(815301076,1909f56bfc062723c751e8b465ee728b)
Start importing Assets/resource/Structure/cabinset.prefab using Guid(1dba5c71345a20f41a9f3b17b817b9e8) Importer(815301076,1909f56bfc062723c751e8b465ee728b)  -> (artifact id: 'b9ff81691bb01038d67190d6fe2ed6f3') in 0.079092 seconds 
========================================================================
Received Import Request.
  Time since last request: 19.203346 seconds.
  path: Assets/resource/Structure/cabinset.prefab
  artifactKey: Guid(1dba5c71345a20f41a9f3b17b817b9e8) Importer(815301076,1909f56bfc062723c751e8b465ee728b)
Start importing Assets/resource/Structure/cabinset.prefab using Guid(1dba5c71345a20f41a9f3b17b817b9e8) Importer(815301076,1909f56bfc062723c751e8b465ee728b)  -> (artifact id: '712c62406f1571af9f34eb593494fd61') in 0.108425 seconds 
========================================================================
Received Import Request.
  Time since last request: 6.976388 seconds.
  path: Assets/resource/Structure/cabinset.prefab
  artifactKey: Guid(1dba5c71345a20f41a9f3b17b817b9e8) Importer(815301076,1909f56bfc062723c751e8b465ee728b)
Start importing Assets/resource/Structure/cabinset.prefab using Guid(1dba5c71345a20f41a9f3b17b817b9e8) Importer(815301076,1909f56bfc062723c751e8b465ee728b)  -> (artifact id: '14f66001471087f96895fc6b195260c0') in 0.122970 seconds 
========================================================================
Received Import Request.
  Time since last request: 23.721309 seconds.
  path: Assets/resource/Structure/cabinset.prefab
  artifactKey: Guid(1dba5c71345a20f41a9f3b17b817b9e8) Importer(815301076,1909f56bfc062723c751e8b465ee728b)
Start importing Assets/resource/Structure/cabinset.prefab using Guid(1dba5c71345a20f41a9f3b17b817b9e8) Importer(815301076,1909f56bfc062723c751e8b465ee728b)  -> (artifact id: '462baa09b6c881c2f986ebeb6258bfa8') in 0.074102 seconds 
========================================================================
Received Import Request.
  Time since last request: 1.779785 seconds.
  path: Assets/resource/Structure/cabinset.prefab
  artifactKey: Guid(1dba5c71345a20f41a9f3b17b817b9e8) Importer(815301076,1909f56bfc062723c751e8b465ee728b)
Start importing Assets/resource/Structure/cabinset.prefab using Guid(1dba5c71345a20f41a9f3b17b817b9e8) Importer(815301076,1909f56bfc062723c751e8b465ee728b)  -> (artifact id: '29ac9db748422ca7ada282a7334af20f') in 0.076966 seconds 
========================================================================
Received Import Request.
  Time since last request: 13.062741 seconds.
  path: Assets/resource/Structure/cabinset.prefab
  artifactKey: Guid(1dba5c71345a20f41a9f3b17b817b9e8) Importer(815301076,1909f56bfc062723c751e8b465ee728b)
Start importing Assets/resource/Structure/cabinset.prefab using Guid(1dba5c71345a20f41a9f3b17b817b9e8) Importer(815301076,1909f56bfc062723c751e8b465ee728b)  -> (artifact id: '1fc03a581907ff3e21470f2e4ff6272e') in 0.078913 seconds 
========================================================================
Received Import Request.
  Time since last request: 16.059066 seconds.
  path: Assets/resource/Structure/cabinset.prefab
  artifactKey: Guid(1dba5c71345a20f41a9f3b17b817b9e8) Importer(815301076,1909f56bfc062723c751e8b465ee728b)
Start importing Assets/resource/Structure/cabinset.prefab using Guid(1dba5c71345a20f41a9f3b17b817b9e8) Importer(815301076,1909f56bfc062723c751e8b465ee728b)  -> (artifact id: '4ad3c3f4e016453d0ea798ac3da7bded') in 0.078511 seconds 
========================================================================
Received Import Request.
  Time since last request: 5.283483 seconds.
  path: Assets/resource/Structure/cabinset.prefab
  artifactKey: Guid(1dba5c71345a20f41a9f3b17b817b9e8) Importer(815301076,1909f56bfc062723c751e8b465ee728b)
Start importing Assets/resource/Structure/cabinset.prefab using Guid(1dba5c71345a20f41a9f3b17b817b9e8) Importer(815301076,1909f56bfc062723c751e8b465ee728b)  -> (artifact id: '40f448c2aac8dfdcbf3ea365ea833df5') in 0.084383 seconds 
========================================================================
Received Import Request.
  Time since last request: 3.563541 seconds.
  path: Assets/resource/Structure/cabinset.prefab
  artifactKey: Guid(1dba5c71345a20f41a9f3b17b817b9e8) Importer(815301076,1909f56bfc062723c751e8b465ee728b)
Start importing Assets/resource/Structure/cabinset.prefab using Guid(1dba5c71345a20f41a9f3b17b817b9e8) Importer(815301076,1909f56bfc062723c751e8b465ee728b)  -> (artifact id: 'ec0c749bbde986035c7f771a73d38711') in 0.077939 seconds 
========================================================================
Received Import Request.
  Time since last request: 2.225910 seconds.
  path: Assets/resource/Structure/cabinset.prefab
  artifactKey: Guid(1dba5c71345a20f41a9f3b17b817b9e8) Importer(815301076,1909f56bfc062723c751e8b465ee728b)
Start importing Assets/resource/Structure/cabinset.prefab using Guid(1dba5c71345a20f41a9f3b17b817b9e8) Importer(815301076,1909f56bfc062723c751e8b465ee728b)  -> (artifact id: 'e9556321645388eb68038dcbdb899a92') in 0.082218 seconds 
========================================================================
Received Import Request.
  Time since last request: 15.312655 seconds.
  path: Assets/resource/Structure/cabinset.prefab
  artifactKey: Guid(1dba5c71345a20f41a9f3b17b817b9e8) Importer(815301076,1909f56bfc062723c751e8b465ee728b)
Start importing Assets/resource/Structure/cabinset.prefab using Guid(1dba5c71345a20f41a9f3b17b817b9e8) Importer(815301076,1909f56bfc062723c751e8b465ee728b)  -> (artifact id: '0eeef076e7ac09a0669bf0e4e75a67a0') in 0.075422 seconds 
========================================================================
Received Import Request.
  Time since last request: 3.648713 seconds.
  path: Assets/resource/Structure/cabinset.prefab
  artifactKey: Guid(1dba5c71345a20f41a9f3b17b817b9e8) Importer(815301076,1909f56bfc062723c751e8b465ee728b)
Start importing Assets/resource/Structure/cabinset.prefab using Guid(1dba5c71345a20f41a9f3b17b817b9e8) Importer(815301076,1909f56bfc062723c751e8b465ee728b)  -> (artifact id: '61f586c64e4efd2b97160bb2f92c782d') in 0.073754 seconds 
========================================================================
Received Import Request.
  Time since last request: 18.612537 seconds.
  path: Assets/resource/Structure/cabinset.prefab
  artifactKey: Guid(1dba5c71345a20f41a9f3b17b817b9e8) Importer(815301076,1909f56bfc062723c751e8b465ee728b)
Start importing Assets/resource/Structure/cabinset.prefab using Guid(1dba5c71345a20f41a9f3b17b817b9e8) Importer(815301076,1909f56bfc062723c751e8b465ee728b)  -> (artifact id: '178a592d170a573a9c87cbf48615d8dd') in 0.110657 seconds 
========================================================================
Received Import Request.
  Time since last request: 2.438918 seconds.
  path: Assets/resource/Structure/cabinset.prefab
  artifactKey: Guid(1dba5c71345a20f41a9f3b17b817b9e8) Importer(815301076,1909f56bfc062723c751e8b465ee728b)
Start importing Assets/resource/Structure/cabinset.prefab using Guid(1dba5c71345a20f41a9f3b17b817b9e8) Importer(815301076,1909f56bfc062723c751e8b465ee728b)  -> (artifact id: 'de98b24331a9075b6f3b9a35ee69f0ad') in 0.108678 seconds 
========================================================================
Received Import Request.
  Time since last request: 3.541786 seconds.
  path: Assets/resource/Structure/cabinset.prefab
  artifactKey: Guid(1dba5c71345a20f41a9f3b17b817b9e8) Importer(815301076,1909f56bfc062723c751e8b465ee728b)
Start importing Assets/resource/Structure/cabinset.prefab using Guid(1dba5c71345a20f41a9f3b17b817b9e8) Importer(815301076,1909f56bfc062723c751e8b465ee728b)  -> (artifact id: 'b2177c8b0baa36adba4121aa8bd237f7') in 0.079739 seconds 
========================================================================
Received Import Request.
  Time since last request: 2.345678 seconds.
  path: Assets/resource/Structure/cabinset.prefab
  artifactKey: Guid(1dba5c71345a20f41a9f3b17b817b9e8) Importer(815301076,1909f56bfc062723c751e8b465ee728b)
Start importing Assets/resource/Structure/cabinset.prefab using Guid(1dba5c71345a20f41a9f3b17b817b9e8) Importer(815301076,1909f56bfc062723c751e8b465ee728b)  -> (artifact id: '835e44336ed5d1377249a99761e660b9') in 0.079891 seconds 
========================================================================
Received Import Request.
  Time since last request: 5.619273 seconds.
  path: Assets/resource/Structure/cabinset.prefab
  artifactKey: Guid(1dba5c71345a20f41a9f3b17b817b9e8) Importer(815301076,1909f56bfc062723c751e8b465ee728b)
Start importing Assets/resource/Structure/cabinset.prefab using Guid(1dba5c71345a20f41a9f3b17b817b9e8) Importer(815301076,1909f56bfc062723c751e8b465ee728b)  -> (artifact id: '0e3900bcc3aaaedf8571d1e91466ca86') in 0.099545 seconds 
========================================================================
Received Import Request.
  Time since last request: 2.925175 seconds.
  path: Assets/resource/Structure/cabinset.prefab
  artifactKey: Guid(1dba5c71345a20f41a9f3b17b817b9e8) Importer(815301076,1909f56bfc062723c751e8b465ee728b)
Start importing Assets/resource/Structure/cabinset.prefab using Guid(1dba5c71345a20f41a9f3b17b817b9e8) Importer(815301076,1909f56bfc062723c751e8b465ee728b)  -> (artifact id: '5b818f9f68fe21607078ec73deceb96d') in 0.071672 seconds 
========================================================================
Received Import Request.
  Time since last request: 7.806374 seconds.
  path: Assets/resource/Structure/cabinset.prefab
  artifactKey: Guid(1dba5c71345a20f41a9f3b17b817b9e8) Importer(815301076,1909f56bfc062723c751e8b465ee728b)
Start importing Assets/resource/Structure/cabinset.prefab using Guid(1dba5c71345a20f41a9f3b17b817b9e8) Importer(815301076,1909f56bfc062723c751e8b465ee728b)  -> (artifact id: '7d157827f543940f31d61920b4e32646') in 0.091623 seconds 
========================================================================
Received Import Request.
  Time since last request: 1.527581 seconds.
  path: Assets/resource/Structure/cabinset.prefab
  artifactKey: Guid(1dba5c71345a20f41a9f3b17b817b9e8) Importer(815301076,1909f56bfc062723c751e8b465ee728b)
Start importing Assets/resource/Structure/cabinset.prefab using Guid(1dba5c71345a20f41a9f3b17b817b9e8) Importer(815301076,1909f56bfc062723c751e8b465ee728b)  -> (artifact id: 'cf18cbf97731cd688d588812ae18e394') in 0.074541 seconds 
========================================================================
Received Import Request.
  Time since last request: 11.787293 seconds.
  path: Assets/resource/Structure/cabinset.prefab
  artifactKey: Guid(1dba5c71345a20f41a9f3b17b817b9e8) Importer(815301076,1909f56bfc062723c751e8b465ee728b)
Start importing Assets/resource/Structure/cabinset.prefab using Guid(1dba5c71345a20f41a9f3b17b817b9e8) Importer(815301076,1909f56bfc062723c751e8b465ee728b)  -> (artifact id: 'de68d1c5f57af38deef0792a692224af') in 0.081458 seconds 
========================================================================
Received Import Request.
  Time since last request: 0.104635 seconds.
  path: Assets/resource/Structure/cabinset.prefab
  artifactKey: Guid(1dba5c71345a20f41a9f3b17b817b9e8) Importer(815301076,1909f56bfc062723c751e8b465ee728b)
Start importing Assets/resource/Structure/cabinset.prefab using Guid(1dba5c71345a20f41a9f3b17b817b9e8) Importer(815301076,1909f56bfc062723c751e8b465ee728b)  -> (artifact id: '0be15b2086c5b80ec206ead8ce07180c') in 0.080841 seconds 
========================================================================
Received Import Request.
  Time since last request: 49.112540 seconds.
  path: Assets/resource/Structure/cabinset.prefab
  artifactKey: Guid(1dba5c71345a20f41a9f3b17b817b9e8) Importer(815301076,1909f56bfc062723c751e8b465ee728b)
Start importing Assets/resource/Structure/cabinset.prefab using Guid(1dba5c71345a20f41a9f3b17b817b9e8) Importer(815301076,1909f56bfc062723c751e8b465ee728b)  -> (artifact id: 'dd99dd0af4d68b326039133c8f9b498e') in 0.139557 seconds 
========================================================================
Received Import Request.
  Time since last request: 8.420601 seconds.
  path: Assets/resource/Structure/cabinset.prefab
  artifactKey: Guid(1dba5c71345a20f41a9f3b17b817b9e8) Importer(815301076,1909f56bfc062723c751e8b465ee728b)
Start importing Assets/resource/Structure/cabinset.prefab using Guid(1dba5c71345a20f41a9f3b17b817b9e8) Importer(815301076,1909f56bfc062723c751e8b465ee728b)  -> (artifact id: 'c2b4c1e3d10134e55a0c2f24afdbba65') in 0.134707 seconds 
========================================================================
Received Import Request.
  Time since last request: 23.162398 seconds.
  path: Assets/resource/Structure/cabinset.prefab
  artifactKey: Guid(1dba5c71345a20f41a9f3b17b817b9e8) Importer(815301076,1909f56bfc062723c751e8b465ee728b)
Start importing Assets/resource/Structure/cabinset.prefab using Guid(1dba5c71345a20f41a9f3b17b817b9e8) Importer(815301076,1909f56bfc062723c751e8b465ee728b)  -> (artifact id: 'e7037aac34c9812761ce8ca01ca86812') in 0.130934 seconds 
========================================================================
Received Import Request.
  Time since last request: 1.870638 seconds.
  path: Assets/resource/Structure/cabinset.prefab
  artifactKey: Guid(1dba5c71345a20f41a9f3b17b817b9e8) Importer(815301076,1909f56bfc062723c751e8b465ee728b)
Start importing Assets/resource/Structure/cabinset.prefab using Guid(1dba5c71345a20f41a9f3b17b817b9e8) Importer(815301076,1909f56bfc062723c751e8b465ee728b)  -> (artifact id: 'e976768684d9982b7f463d1155ac3af5') in 0.100377 seconds 
========================================================================
Received Import Request.
  Time since last request: 5.193290 seconds.
  path: Assets/resource/Structure/cabinset.prefab
  artifactKey: Guid(1dba5c71345a20f41a9f3b17b817b9e8) Importer(815301076,1909f56bfc062723c751e8b465ee728b)
Start importing Assets/resource/Structure/cabinset.prefab using Guid(1dba5c71345a20f41a9f3b17b817b9e8) Importer(815301076,1909f56bfc062723c751e8b465ee728b)  -> (artifact id: '310009b4afe1bd6118017c96c5dee146') in 0.127199 seconds 
========================================================================
Received Import Request.
  Time since last request: 103.570640 seconds.
  path: Assets/resource/UI/UI.prefab
  artifactKey: Guid(40139e96e94f1274197e0927511a33b7) Importer(815301076,1909f56bfc062723c751e8b465ee728b)
Start importing Assets/resource/UI/UI.prefab using Guid(40139e96e94f1274197e0927511a33b7) Importer(815301076,1909f56bfc062723c751e8b465ee728b)  -> (artifact id: '5736949b769513bae77acf5c8e678af9') in 0.658506 seconds 
========================================================================
Received Import Request.
  Time since last request: 10.185787 seconds.
  path: Assets/resource/UI/UI.prefab
  artifactKey: Guid(40139e96e94f1274197e0927511a33b7) Importer(815301076,1909f56bfc062723c751e8b465ee728b)
Start importing Assets/resource/UI/UI.prefab using Guid(40139e96e94f1274197e0927511a33b7) Importer(815301076,1909f56bfc062723c751e8b465ee728b)  -> (artifact id: 'cd1621c4f2908f2fb3938dd2485b2806') in 0.566646 seconds 
========================================================================
Received Import Request.
  Time since last request: 0.652044 seconds.
  path: Assets/resource/UI/UI.prefab
  artifactKey: Guid(40139e96e94f1274197e0927511a33b7) Importer(815301076,1909f56bfc062723c751e8b465ee728b)
Start importing Assets/resource/UI/UI.prefab using Guid(40139e96e94f1274197e0927511a33b7) Importer(815301076,1909f56bfc062723c751e8b465ee728b)  -> (artifact id: '7eb977fd7e27c987c49250968bf7fe1f') in 0.560994 seconds 
========================================================================
Received Prepare
Registering precompiled user dll's ...
Registered in 0.021187 seconds.
Begin MonoManager ReloadAssembly
Symbol file LoadedFromMemory doesn't match image C:\Users\as_hy\Desktop\NoWhere\NoWhere\Library\PackageCache\com.unity.visualscripting@1.7.8\Editor\VisualScripting.Core\Dependencies\YamlDotNet\Unity.VisualScripting.YamlDotNet.dll
Symbol file LoadedFromMemory doesn't match image C:\Users\as_hy\Desktop\NoWhere\NoWhere\Library\PackageCache\com.unity.visualscripting@1.7.8\Editor\VisualScripting.Core\Dependencies\DotNetZip\Unity.VisualScripting.IonicZip.dll
Native extension for WindowsStandalone target not found
Refreshing native plugins compatible for Editor in 1.83 ms, found 3 plugins.
Preloading 0 native plugins for Editor in 0.00 ms.
Mono: successfully reloaded assembly
- Completed reload, in  2.914 seconds
Domain Reload Profiling:
	ReloadAssembly (2917ms)
		BeginReloadAssembly (362ms)
			ExecutionOrderSort (0ms)
			DisableScriptedObjects (15ms)
			BackupInstance (0ms)
			ReleaseScriptingObjects (0ms)
			CreateAndSetChildDomain (124ms)
		EndReloadAssembly (2244ms)
			LoadAssemblies (206ms)
			RebuildTransferFunctionScriptingTraits (1ms)
			SetupTypeCache (915ms)
			ReleaseScriptCaches (3ms)
			RebuildScriptCaches (87ms)
			SetupLoadedEditorAssemblies (642ms)
				LogAssemblyErrors (0ms)
				InitializePlatformSupportModulesInManaged (25ms)
				SetLoadedEditorAssemblies (1ms)
				RefreshPlugins (2ms)
				BeforeProcessingInitializeOnLoad (144ms)
				ProcessInitializeOnLoadAttributes (399ms)
				ProcessInitializeOnLoadMethodAttributes (55ms)
				AfterProcessingInitializeOnLoad (15ms)
				EditorAssembliesLoaded (0ms)
			ExecutionOrderSort2 (0ms)
			AwakeInstancesAfterBackupRestoration (17ms)
Platform modules already initialized, skipping
Refreshing native plugins compatible for Editor in 6.54 ms, found 3 plugins.
Preloading 0 native plugins for Editor in 0.00 ms.
Unloading 3467 Unused Serialized files (Serialized files now loaded: 0)
Unloading 29 unused Assets / (1.0 MB). Loaded Objects now: 4012.
Memory consumption went from 227.7 MB to 226.7 MB.
Total: 11.925100 ms (FindLiveObjects: 0.442400 ms CreateObjectMapping: 0.380000 ms MarkObjects: 10.580900 ms  DeleteObjects: 0.520100 ms)

AssetImportParameters requested are different than current active one (requested -> active):
  custom:video-decoder-ogg-theora: a1e56fd34408186e4bbccfd4996cb3dc -> 
  custom:container-muxer-webm: aa71ff27fc2769a1b78a27578f13a17b -> 
  custom:container-demuxer-webm: 4f35f7cbe854078d1ac9338744f61a02 -> 
  custom:video-encoder-webm-vp8: eb34c28f22e8b96e1ab97ce403110664 -> 
  custom:audio-encoder-webm-vorbis: bf7c407c2cedff20999df2af8eb42d56 -> 
  custom:framework-win-MediaFoundation: 216162199b28c13a410421893ffa2e32 -> 
  custom:container-demuxer-ogg: 62fdf1f143b41e24485cea50d1cbac27 -> 
  custom:video-decoder-webm-vp8: 9c59270c3fd7afecdb556c50c9e8de78 -> 
  custom:audio-decoder-ogg-vorbis: bf7c407c2cedff20999df2af8eb42d56 -> 
========================================================================
Received Prepare
Registering precompiled user dll's ...
Registered in 0.022451 seconds.
Begin MonoManager ReloadAssembly
Symbol file LoadedFromMemory doesn't match image C:\Users\as_hy\Desktop\NoWhere\NoWhere\Library\PackageCache\com.unity.visualscripting@1.7.8\Editor\VisualScripting.Core\Dependencies\YamlDotNet\Unity.VisualScripting.YamlDotNet.dll
Symbol file LoadedFromMemory doesn't match image C:\Users\as_hy\Desktop\NoWhere\NoWhere\Library\PackageCache\com.unity.visualscripting@1.7.8\Editor\VisualScripting.Core\Dependencies\DotNetZip\Unity.VisualScripting.IonicZip.dll
Native extension for WindowsStandalone target not found
Refreshing native plugins compatible for Editor in 0.87 ms, found 3 plugins.
Preloading 0 native plugins for Editor in 0.00 ms.
Mono: successfully reloaded assembly
- Completed reload, in  2.530 seconds
Domain Reload Profiling:
	ReloadAssembly (2531ms)
		BeginReloadAssembly (394ms)
			ExecutionOrderSort (0ms)
			DisableScriptedObjects (28ms)
			BackupInstance (0ms)
			ReleaseScriptingObjects (0ms)
			CreateAndSetChildDomain (97ms)
		EndReloadAssembly (1899ms)
			LoadAssemblies (233ms)
			RebuildTransferFunctionScriptingTraits (0ms)
			SetupTypeCache (715ms)
			ReleaseScriptCaches (2ms)
			RebuildScriptCaches (124ms)
			SetupLoadedEditorAssemblies (780ms)
				LogAssemblyErrors (0ms)
				InitializePlatformSupportModulesInManaged (29ms)
				SetLoadedEditorAssemblies (1ms)
				RefreshPlugins (1ms)
				BeforeProcessingInitializeOnLoad (143ms)
				ProcessInitializeOnLoadAttributes (527ms)
				ProcessInitializeOnLoadMethodAttributes (63ms)
				AfterProcessingInitializeOnLoad (15ms)
				EditorAssembliesLoaded (0ms)
			ExecutionOrderSort2 (0ms)
			AwakeInstancesAfterBackupRestoration (14ms)
Platform modules already initialized, skipping
Refreshing native plugins compatible for Editor in 5.83 ms, found 3 plugins.
Preloading 0 native plugins for Editor in 0.00 ms.
Unloading 3467 Unused Serialized files (Serialized files now loaded: 0)
Unloading 27 unused Assets / (1.0 MB). Loaded Objects now: 4015.
Memory consumption went from 227.7 MB to 226.7 MB.
Total: 21.649700 ms (FindLiveObjects: 0.572200 ms CreateObjectMapping: 0.550400 ms MarkObjects: 19.881100 ms  DeleteObjects: 0.644200 ms)

AssetImportParameters requested are different than current active one (requested -> active):
  custom:video-decoder-ogg-theora: a1e56fd34408186e4bbccfd4996cb3dc -> 
  custom:container-muxer-webm: aa71ff27fc2769a1b78a27578f13a17b -> 
  custom:container-demuxer-webm: 4f35f7cbe854078d1ac9338744f61a02 -> 
  custom:video-encoder-webm-vp8: eb34c28f22e8b96e1ab97ce403110664 -> 
  custom:audio-encoder-webm-vorbis: bf7c407c2cedff20999df2af8eb42d56 -> 
  custom:framework-win-MediaFoundation: 216162199b28c13a410421893ffa2e32 -> 
  custom:container-demuxer-ogg: 62fdf1f143b41e24485cea50d1cbac27 -> 
  custom:video-decoder-webm-vp8: 9c59270c3fd7afecdb556c50c9e8de78 -> 
  custom:audio-decoder-ogg-vorbis: bf7c407c2cedff20999df2af8eb42d56 -> 
========================================================================
Received Prepare
Registering precompiled user dll's ...
Registered in 0.017619 seconds.
Begin MonoManager ReloadAssembly
Symbol file LoadedFromMemory doesn't match image C:\Users\as_hy\Desktop\NoWhere\NoWhere\Library\PackageCache\com.unity.visualscripting@1.7.8\Editor\VisualScripting.Core\Dependencies\YamlDotNet\Unity.VisualScripting.YamlDotNet.dll
Symbol file LoadedFromMemory doesn't match image C:\Users\as_hy\Desktop\NoWhere\NoWhere\Library\PackageCache\com.unity.visualscripting@1.7.8\Editor\VisualScripting.Core\Dependencies\DotNetZip\Unity.VisualScripting.IonicZip.dll
Native extension for WindowsStandalone target not found
Refreshing native plugins compatible for Editor in 0.91 ms, found 3 plugins.
Preloading 0 native plugins for Editor in 0.00 ms.
Mono: successfully reloaded assembly
- Completed reload, in  2.344 seconds
Domain Reload Profiling:
	ReloadAssembly (2345ms)
		BeginReloadAssembly (569ms)
			ExecutionOrderSort (0ms)
			DisableScriptedObjects (190ms)
			BackupInstance (0ms)
			ReleaseScriptingObjects (0ms)
			CreateAndSetChildDomain (80ms)
		EndReloadAssembly (1573ms)
			LoadAssemblies (196ms)
			RebuildTransferFunctionScriptingTraits (0ms)
			SetupTypeCache (492ms)
			ReleaseScriptCaches (2ms)
			RebuildScriptCaches (83ms)
			SetupLoadedEditorAssemblies (722ms)
				LogAssemblyErrors (0ms)
				InitializePlatformSupportModulesInManaged (28ms)
				SetLoadedEditorAssemblies (1ms)
				RefreshPlugins (1ms)
				BeforeProcessingInitializeOnLoad (185ms)
				ProcessInitializeOnLoadAttributes (428ms)
				ProcessInitializeOnLoadMethodAttributes (65ms)
				AfterProcessingInitializeOnLoad (14ms)
				EditorAssembliesLoaded (0ms)
			ExecutionOrderSort2 (0ms)
			AwakeInstancesAfterBackupRestoration (15ms)
Platform modules already initialized, skipping
Refreshing native plugins compatible for Editor in 2.74 ms, found 3 plugins.
Preloading 0 native plugins for Editor in 0.00 ms.
Unloading 3467 Unused Serialized files (Serialized files now loaded: 0)
Unloading 27 unused Assets / (1.0 MB). Loaded Objects now: 4018.
Memory consumption went from 227.7 MB to 226.7 MB.
Total: 8.446100 ms (FindLiveObjects: 0.363700 ms CreateObjectMapping: 0.368300 ms MarkObjects: 7.131900 ms  DeleteObjects: 0.581000 ms)

AssetImportParameters requested are different than current active one (requested -> active):
  custom:video-decoder-ogg-theora: a1e56fd34408186e4bbccfd4996cb3dc -> 
  custom:container-muxer-webm: aa71ff27fc2769a1b78a27578f13a17b -> 
  custom:container-demuxer-webm: 4f35f7cbe854078d1ac9338744f61a02 -> 
  custom:video-encoder-webm-vp8: eb34c28f22e8b96e1ab97ce403110664 -> 
  custom:audio-encoder-webm-vorbis: bf7c407c2cedff20999df2af8eb42d56 -> 
  custom:framework-win-MediaFoundation: 216162199b28c13a410421893ffa2e32 -> 
  custom:container-demuxer-ogg: 62fdf1f143b41e24485cea50d1cbac27 -> 
  custom:video-decoder-webm-vp8: 9c59270c3fd7afecdb556c50c9e8de78 -> 
  custom:audio-decoder-ogg-vorbis: bf7c407c2cedff20999df2af8eb42d56 -> 
========================================================================
Received Prepare
Registering precompiled user dll's ...
Registered in 0.013941 seconds.
Begin MonoManager ReloadAssembly
Symbol file LoadedFromMemory doesn't match image C:\Users\as_hy\Desktop\NoWhere\NoWhere\Library\PackageCache\com.unity.visualscripting@1.7.8\Editor\VisualScripting.Core\Dependencies\YamlDotNet\Unity.VisualScripting.YamlDotNet.dll
Symbol file LoadedFromMemory doesn't match image C:\Users\as_hy\Desktop\NoWhere\NoWhere\Library\PackageCache\com.unity.visualscripting@1.7.8\Editor\VisualScripting.Core\Dependencies\DotNetZip\Unity.VisualScripting.IonicZip.dll
Native extension for WindowsStandalone target not found
Refreshing native plugins compatible for Editor in 0.83 ms, found 3 plugins.
Preloading 0 native plugins for Editor in 0.00 ms.
Mono: successfully reloaded assembly
- Completed reload, in  2.369 seconds
Domain Reload Profiling:
	ReloadAssembly (2370ms)
		BeginReloadAssembly (277ms)
			ExecutionOrderSort (0ms)
			DisableScriptedObjects (12ms)
			BackupInstance (0ms)
			ReleaseScriptingObjects (0ms)
			CreateAndSetChildDomain (65ms)
		EndReloadAssembly (1595ms)
			LoadAssemblies (203ms)
			RebuildTransferFunctionScriptingTraits (0ms)
			SetupTypeCache (653ms)
			ReleaseScriptCaches (2ms)
			RebuildScriptCaches (68ms)
			SetupLoadedEditorAssemblies (623ms)
				LogAssemblyErrors (0ms)
				InitializePlatformSupportModulesInManaged (23ms)
				SetLoadedEditorAssemblies (1ms)
				RefreshPlugins (1ms)
				BeforeProcessingInitializeOnLoad (122ms)
				ProcessInitializeOnLoadAttributes (407ms)
				ProcessInitializeOnLoadMethodAttributes (57ms)
				AfterProcessingInitializeOnLoad (13ms)
				EditorAssembliesLoaded (0ms)
			ExecutionOrderSort2 (0ms)
			AwakeInstancesAfterBackupRestoration (10ms)
Platform modules already initialized, skipping
Refreshing native plugins compatible for Editor in 8.83 ms, found 3 plugins.
Preloading 0 native plugins for Editor in 0.00 ms.
Unloading 3467 Unused Serialized files (Serialized files now loaded: 0)
Unloading 27 unused Assets / (1.0 MB). Loaded Objects now: 4021.
Memory consumption went from 227.7 MB to 226.7 MB.
Total: 9.578900 ms (FindLiveObjects: 1.134400 ms CreateObjectMapping: 0.455400 ms MarkObjects: 7.399800 ms  DeleteObjects: 0.587600 ms)

AssetImportParameters requested are different than current active one (requested -> active):
  custom:video-decoder-ogg-theora: a1e56fd34408186e4bbccfd4996cb3dc -> 
  custom:container-muxer-webm: aa71ff27fc2769a1b78a27578f13a17b -> 
  custom:container-demuxer-webm: 4f35f7cbe854078d1ac9338744f61a02 -> 
  custom:video-encoder-webm-vp8: eb34c28f22e8b96e1ab97ce403110664 -> 
  custom:audio-encoder-webm-vorbis: bf7c407c2cedff20999df2af8eb42d56 -> 
  custom:framework-win-MediaFoundation: 216162199b28c13a410421893ffa2e32 -> 
  custom:container-demuxer-ogg: 62fdf1f143b41e24485cea50d1cbac27 -> 
  custom:video-decoder-webm-vp8: 9c59270c3fd7afecdb556c50c9e8de78 -> 
  custom:audio-decoder-ogg-vorbis: bf7c407c2cedff20999df2af8eb42d56 -> 
========================================================================
Received Prepare
Registering precompiled user dll's ...
Registered in 0.009390 seconds.
Begin MonoManager ReloadAssembly
Symbol file LoadedFromMemory doesn't match image C:\Users\as_hy\Desktop\NoWhere\NoWhere\Library\PackageCache\com.unity.visualscripting@1.7.8\Editor\VisualScripting.Core\Dependencies\YamlDotNet\Unity.VisualScripting.YamlDotNet.dll
Symbol file LoadedFromMemory doesn't match image C:\Users\as_hy\Desktop\NoWhere\NoWhere\Library\PackageCache\com.unity.visualscripting@1.7.8\Editor\VisualScripting.Core\Dependencies\DotNetZip\Unity.VisualScripting.IonicZip.dll
Native extension for WindowsStandalone target not found
Refreshing native plugins compatible for Editor in 3.00 ms, found 3 plugins.
Preloading 0 native plugins for Editor in 0.00 ms.
Mono: successfully reloaded assembly
- Completed reload, in  4.175 seconds
Domain Reload Profiling:
	ReloadAssembly (4180ms)
		BeginReloadAssembly (721ms)
			ExecutionOrderSort (0ms)
			DisableScriptedObjects (12ms)
			BackupInstance (0ms)
			ReleaseScriptingObjects (0ms)
			CreateAndSetChildDomain (243ms)
		EndReloadAssembly (3193ms)
			LoadAssemblies (446ms)
			RebuildTransferFunctionScriptingTraits (0ms)
			SetupTypeCache (1021ms)
			ReleaseScriptCaches (5ms)
			RebuildScriptCaches (135ms)
			SetupLoadedEditorAssemblies (1549ms)
				LogAssemblyErrors (0ms)
				InitializePlatformSupportModulesInManaged (54ms)
				SetLoadedEditorAssemblies (2ms)
				RefreshPlugins (3ms)
				BeforeProcessingInitializeOnLoad (300ms)
				ProcessInitializeOnLoadAttributes (1071ms)
				ProcessInitializeOnLoadMethodAttributes (88ms)
				AfterProcessingInitializeOnLoad (26ms)
				EditorAssembliesLoaded (4ms)
			ExecutionOrderSort2 (0ms)
			AwakeInstancesAfterBackupRestoration (19ms)
Platform modules already initialized, skipping
Refreshing native plugins compatible for Editor in 5.34 ms, found 3 plugins.
Preloading 0 native plugins for Editor in 0.00 ms.
Unloading 3467 Unused Serialized files (Serialized files now loaded: 0)
Unloading 27 unused Assets / (1.0 MB). Loaded Objects now: 4024.
Memory consumption went from 227.7 MB to 226.7 MB.
Total: 12.447200 ms (FindLiveObjects: 0.400600 ms CreateObjectMapping: 0.305800 ms MarkObjects: 11.130900 ms  DeleteObjects: 0.608000 ms)

AssetImportParameters requested are different than current active one (requested -> active):
  custom:video-decoder-ogg-theora: a1e56fd34408186e4bbccfd4996cb3dc -> 
  custom:container-muxer-webm: aa71ff27fc2769a1b78a27578f13a17b -> 
  custom:container-demuxer-webm: 4f35f7cbe854078d1ac9338744f61a02 -> 
  custom:video-encoder-webm-vp8: eb34c28f22e8b96e1ab97ce403110664 -> 
  custom:audio-encoder-webm-vorbis: bf7c407c2cedff20999df2af8eb42d56 -> 
  custom:framework-win-MediaFoundation: 216162199b28c13a410421893ffa2e32 -> 
  custom:container-demuxer-ogg: 62fdf1f143b41e24485cea50d1cbac27 -> 
  custom:video-decoder-webm-vp8: 9c59270c3fd7afecdb556c50c9e8de78 -> 
  custom:audio-decoder-ogg-vorbis: bf7c407c2cedff20999df2af8eb42d56 -> 
========================================================================
Received Prepare
Registering precompiled user dll's ...
Registered in 0.014653 seconds.
Begin MonoManager ReloadAssembly
Symbol file LoadedFromMemory doesn't match image C:\Users\as_hy\Desktop\NoWhere\NoWhere\Library\PackageCache\com.unity.visualscripting@1.7.8\Editor\VisualScripting.Core\Dependencies\YamlDotNet\Unity.VisualScripting.YamlDotNet.dll
Symbol file LoadedFromMemory doesn't match image C:\Users\as_hy\Desktop\NoWhere\NoWhere\Library\PackageCache\com.unity.visualscripting@1.7.8\Editor\VisualScripting.Core\Dependencies\DotNetZip\Unity.VisualScripting.IonicZip.dll
Native extension for WindowsStandalone target not found
Refreshing native plugins compatible for Editor in 6.49 ms, found 3 plugins.
Preloading 0 native plugins for Editor in 0.00 ms.
Mono: successfully reloaded assembly
- Completed reload, in  4.105 seconds
Domain Reload Profiling:
	ReloadAssembly (4107ms)
		BeginReloadAssembly (505ms)
			ExecutionOrderSort (0ms)
			DisableScriptedObjects (12ms)
			BackupInstance (0ms)
			ReleaseScriptingObjects (0ms)
			CreateAndSetChildDomain (86ms)
		EndReloadAssembly (3339ms)
			LoadAssemblies (486ms)
			RebuildTransferFunctionScriptingTraits (0ms)
			SetupTypeCache (674ms)
			ReleaseScriptCaches (13ms)
			RebuildScriptCaches (217ms)
			SetupLoadedEditorAssemblies (1445ms)
				LogAssemblyErrors (0ms)
				InitializePlatformSupportModulesInManaged (62ms)
				SetLoadedEditorAssemblies (1ms)
				RefreshPlugins (7ms)
				BeforeProcessingInitializeOnLoad (471ms)
				ProcessInitializeOnLoadAttributes (712ms)
				ProcessInitializeOnLoadMethodAttributes (150ms)
				AfterProcessingInitializeOnLoad (42ms)
				EditorAssembliesLoaded (1ms)
			ExecutionOrderSort2 (0ms)
			AwakeInstancesAfterBackupRestoration (25ms)
Platform modules already initialized, skipping
Refreshing native plugins compatible for Editor in 6.52 ms, found 3 plugins.
Preloading 0 native plugins for Editor in 0.00 ms.
Unloading 3467 Unused Serialized files (Serialized files now loaded: 0)
Unloading 27 unused Assets / (1.0 MB). Loaded Objects now: 4027.
Memory consumption went from 227.7 MB to 226.7 MB.
Total: 7.020700 ms (FindLiveObjects: 0.503100 ms CreateObjectMapping: 1.075400 ms MarkObjects: 4.791800 ms  DeleteObjects: 0.648600 ms)

AssetImportParameters requested are different than current active one (requested -> active):
  custom:video-decoder-ogg-theora: a1e56fd34408186e4bbccfd4996cb3dc -> 
  custom:container-muxer-webm: aa71ff27fc2769a1b78a27578f13a17b -> 
  custom:container-demuxer-webm: 4f35f7cbe854078d1ac9338744f61a02 -> 
  custom:video-encoder-webm-vp8: eb34c28f22e8b96e1ab97ce403110664 -> 
  custom:audio-encoder-webm-vorbis: bf7c407c2cedff20999df2af8eb42d56 -> 
  custom:framework-win-MediaFoundation: 216162199b28c13a410421893ffa2e32 -> 
  custom:container-demuxer-ogg: 62fdf1f143b41e24485cea50d1cbac27 -> 
  custom:video-decoder-webm-vp8: 9c59270c3fd7afecdb556c50c9e8de78 -> 
  custom:audio-decoder-ogg-vorbis: bf7c407c2cedff20999df2af8eb42d56 -> 
========================================================================
Received Prepare
Registering precompiled user dll's ...
Registered in 0.012887 seconds.
Begin MonoManager ReloadAssembly
Symbol file LoadedFromMemory doesn't match image C:\Users\as_hy\Desktop\NoWhere\NoWhere\Library\PackageCache\com.unity.visualscripting@1.7.8\Editor\VisualScripting.Core\Dependencies\YamlDotNet\Unity.VisualScripting.YamlDotNet.dll
Symbol file LoadedFromMemory doesn't match image C:\Users\as_hy\Desktop\NoWhere\NoWhere\Library\PackageCache\com.unity.visualscripting@1.7.8\Editor\VisualScripting.Core\Dependencies\DotNetZip\Unity.VisualScripting.IonicZip.dll
Native extension for WindowsStandalone target not found
Refreshing native plugins compatible for Editor in 0.96 ms, found 3 plugins.
Preloading 0 native plugins for Editor in 0.00 ms.
Mono: successfully reloaded assembly
- Completed reload, in  2.476 seconds
Domain Reload Profiling:
	ReloadAssembly (2477ms)
		BeginReloadAssembly (345ms)
			ExecutionOrderSort (0ms)
			DisableScriptedObjects (15ms)
			BackupInstance (0ms)
			ReleaseScriptingObjects (0ms)
			CreateAndSetChildDomain (71ms)
		EndReloadAssembly (1904ms)
			LoadAssemblies (247ms)
			RebuildTransferFunctionScriptingTraits (0ms)
			SetupTypeCache (775ms)
			ReleaseScriptCaches (3ms)
			RebuildScriptCaches (87ms)
			SetupLoadedEditorAssemblies (763ms)
				LogAssemblyErrors (0ms)
				InitializePlatformSupportModulesInManaged (27ms)
				SetLoadedEditorAssemblies (1ms)
				RefreshPlugins (1ms)
				BeforeProcessingInitializeOnLoad (173ms)
				ProcessInitializeOnLoadAttributes (481ms)
				ProcessInitializeOnLoadMethodAttributes (63ms)
				AfterProcessingInitializeOnLoad (16ms)
				EditorAssembliesLoaded (0ms)
			ExecutionOrderSort2 (0ms)
			AwakeInstancesAfterBackupRestoration (13ms)
Platform modules already initialized, skipping
Refreshing native plugins compatible for Editor in 3.04 ms, found 3 plugins.
Preloading 0 native plugins for Editor in 0.00 ms.
Unloading 3467 Unused Serialized files (Serialized files now loaded: 0)
Unloading 27 unused Assets / (1.0 MB). Loaded Objects now: 4030.
Memory consumption went from 227.7 MB to 226.7 MB.
Total: 8.332700 ms (FindLiveObjects: 0.373100 ms CreateObjectMapping: 0.527000 ms MarkObjects: 6.929300 ms  DeleteObjects: 0.502000 ms)

AssetImportParameters requested are different than current active one (requested -> active):
  custom:video-decoder-ogg-theora: a1e56fd34408186e4bbccfd4996cb3dc -> 
  custom:container-muxer-webm: aa71ff27fc2769a1b78a27578f13a17b -> 
  custom:container-demuxer-webm: 4f35f7cbe854078d1ac9338744f61a02 -> 
  custom:video-encoder-webm-vp8: eb34c28f22e8b96e1ab97ce403110664 -> 
  custom:audio-encoder-webm-vorbis: bf7c407c2cedff20999df2af8eb42d56 -> 
  custom:framework-win-MediaFoundation: 216162199b28c13a410421893ffa2e32 -> 
  custom:container-demuxer-ogg: 62fdf1f143b41e24485cea50d1cbac27 -> 
  custom:video-decoder-webm-vp8: 9c59270c3fd7afecdb556c50c9e8de78 -> 
  custom:audio-decoder-ogg-vorbis: bf7c407c2cedff20999df2af8eb42d56 -> 
========================================================================
Received Prepare
Registering precompiled user dll's ...
Registered in 0.014682 seconds.
Begin MonoManager ReloadAssembly
Symbol file LoadedFromMemory doesn't match image C:\Users\as_hy\Desktop\NoWhere\NoWhere\Library\PackageCache\com.unity.visualscripting@1.7.8\Editor\VisualScripting.Core\Dependencies\YamlDotNet\Unity.VisualScripting.YamlDotNet.dll
Symbol file LoadedFromMemory doesn't match image C:\Users\as_hy\Desktop\NoWhere\NoWhere\Library\PackageCache\com.unity.visualscripting@1.7.8\Editor\VisualScripting.Core\Dependencies\DotNetZip\Unity.VisualScripting.IonicZip.dll
Native extension for WindowsStandalone target not found
Refreshing native plugins compatible for Editor in 1.56 ms, found 3 plugins.
Preloading 0 native plugins for Editor in 0.00 ms.
Mono: successfully reloaded assembly
- Completed reload, in  3.419 seconds
Domain Reload Profiling:
	ReloadAssembly (3421ms)
		BeginReloadAssembly (435ms)
			ExecutionOrderSort (0ms)
			DisableScriptedObjects (10ms)
			BackupInstance (0ms)
			ReleaseScriptingObjects (0ms)
			CreateAndSetChildDomain (232ms)
		EndReloadAssembly (2786ms)
			LoadAssemblies (390ms)
			RebuildTransferFunctionScriptingTraits (0ms)
			SetupTypeCache (886ms)
			ReleaseScriptCaches (4ms)
			RebuildScriptCaches (161ms)
			SetupLoadedEditorAssemblies (1115ms)
				LogAssemblyErrors (0ms)
				InitializePlatformSupportModulesInManaged (38ms)
				SetLoadedEditorAssemblies (4ms)
				RefreshPlugins (2ms)
				BeforeProcessingInitializeOnLoad (206ms)
				ProcessInitializeOnLoadAttributes (682ms)
				ProcessInitializeOnLoadMethodAttributes (162ms)
				AfterProcessingInitializeOnLoad (22ms)
				EditorAssembliesLoaded (1ms)
			ExecutionOrderSort2 (0ms)
			AwakeInstancesAfterBackupRestoration (19ms)
Platform modules already initialized, skipping
Refreshing native plugins compatible for Editor in 5.30 ms, found 3 plugins.
Preloading 0 native plugins for Editor in 0.00 ms.
Unloading 3467 Unused Serialized files (Serialized files now loaded: 0)
Unloading 27 unused Assets / (1.0 MB). Loaded Objects now: 4033.
Memory consumption went from 227.7 MB to 226.8 MB.
Total: 22.860100 ms (FindLiveObjects: 7.023400 ms CreateObjectMapping: 0.806300 ms MarkObjects: 14.420500 ms  DeleteObjects: 0.608000 ms)

AssetImportParameters requested are different than current active one (requested -> active):
  custom:video-decoder-ogg-theora: a1e56fd34408186e4bbccfd4996cb3dc -> 
  custom:container-muxer-webm: aa71ff27fc2769a1b78a27578f13a17b -> 
  custom:container-demuxer-webm: 4f35f7cbe854078d1ac9338744f61a02 -> 
  custom:video-encoder-webm-vp8: eb34c28f22e8b96e1ab97ce403110664 -> 
  custom:audio-encoder-webm-vorbis: bf7c407c2cedff20999df2af8eb42d56 -> 
  custom:framework-win-MediaFoundation: 216162199b28c13a410421893ffa2e32 -> 
  custom:container-demuxer-ogg: 62fdf1f143b41e24485cea50d1cbac27 -> 
  custom:video-decoder-webm-vp8: 9c59270c3fd7afecdb556c50c9e8de78 -> 
  custom:audio-decoder-ogg-vorbis: bf7c407c2cedff20999df2af8eb42d56 -> 
========================================================================
Received Prepare
Registering precompiled user dll's ...
Registered in 0.012059 seconds.
Begin MonoManager ReloadAssembly
Symbol file LoadedFromMemory doesn't match image C:\Users\as_hy\Desktop\NoWhere\NoWhere\Library\PackageCache\com.unity.visualscripting@1.7.8\Editor\VisualScripting.Core\Dependencies\YamlDotNet\Unity.VisualScripting.YamlDotNet.dll
Symbol file LoadedFromMemory doesn't match image C:\Users\as_hy\Desktop\NoWhere\NoWhere\Library\PackageCache\com.unity.visualscripting@1.7.8\Editor\VisualScripting.Core\Dependencies\DotNetZip\Unity.VisualScripting.IonicZip.dll
Native extension for WindowsStandalone target not found
Refreshing native plugins compatible for Editor in 1.35 ms, found 3 plugins.
Preloading 0 native plugins for Editor in 0.00 ms.
Mono: successfully reloaded assembly
- Completed reload, in  2.653 seconds
Domain Reload Profiling:
	ReloadAssembly (2654ms)
		BeginReloadAssembly (652ms)
			ExecutionOrderSort (0ms)
			DisableScriptedObjects (215ms)
			BackupInstance (0ms)
			ReleaseScriptingObjects (0ms)
			CreateAndSetChildDomain (60ms)
		EndReloadAssembly (1738ms)
			LoadAssemblies (386ms)
			RebuildTransferFunctionScriptingTraits (0ms)
			SetupTypeCache (609ms)
			ReleaseScriptCaches (2ms)
			RebuildScriptCaches (162ms)
			SetupLoadedEditorAssemblies (656ms)
				LogAssemblyErrors (0ms)
				InitializePlatformSupportModulesInManaged (27ms)
				SetLoadedEditorAssemblies (1ms)
				RefreshPlugins (1ms)
				BeforeProcessingInitializeOnLoad (184ms)
				ProcessInitializeOnLoadAttributes (377ms)
				ProcessInitializeOnLoadMethodAttributes (49ms)
				AfterProcessingInitializeOnLoad (16ms)
				EditorAssembliesLoaded (0ms)
			ExecutionOrderSort2 (0ms)
			AwakeInstancesAfterBackupRestoration (13ms)
Platform modules already initialized, skipping
Refreshing native plugins compatible for Editor in 2.67 ms, found 3 plugins.
Preloading 0 native plugins for Editor in 0.00 ms.
Unloading 3467 Unused Serialized files (Serialized files now loaded: 0)
Unloading 27 unused Assets / (1.0 MB). Loaded Objects now: 4036.
Memory consumption went from 227.7 MB to 226.8 MB.
Total: 6.677100 ms (FindLiveObjects: 0.356400 ms CreateObjectMapping: 0.237200 ms MarkObjects: 5.568900 ms  DeleteObjects: 0.513100 ms)

AssetImportParameters requested are different than current active one (requested -> active):
  custom:video-decoder-ogg-theora: a1e56fd34408186e4bbccfd4996cb3dc -> 
  custom:container-muxer-webm: aa71ff27fc2769a1b78a27578f13a17b -> 
  custom:container-demuxer-webm: 4f35f7cbe854078d1ac9338744f61a02 -> 
  custom:video-encoder-webm-vp8: eb34c28f22e8b96e1ab97ce403110664 -> 
  custom:audio-encoder-webm-vorbis: bf7c407c2cedff20999df2af8eb42d56 -> 
  custom:framework-win-MediaFoundation: 216162199b28c13a410421893ffa2e32 -> 
  custom:container-demuxer-ogg: 62fdf1f143b41e24485cea50d1cbac27 -> 
  custom:video-decoder-webm-vp8: 9c59270c3fd7afecdb556c50c9e8de78 -> 
  custom:audio-decoder-ogg-vorbis: bf7c407c2cedff20999df2af8eb42d56 -> 
========================================================================
Received Prepare
Registering precompiled user dll's ...
Registered in 0.012341 seconds.
Begin MonoManager ReloadAssembly
Symbol file LoadedFromMemory doesn't match image C:\Users\as_hy\Desktop\NoWhere\NoWhere\Library\PackageCache\com.unity.visualscripting@1.7.8\Editor\VisualScripting.Core\Dependencies\YamlDotNet\Unity.VisualScripting.YamlDotNet.dll
Symbol file LoadedFromMemory doesn't match image C:\Users\as_hy\Desktop\NoWhere\NoWhere\Library\PackageCache\com.unity.visualscripting@1.7.8\Editor\VisualScripting.Core\Dependencies\DotNetZip\Unity.VisualScripting.IonicZip.dll
Native extension for WindowsStandalone target not found
Refreshing native plugins compatible for Editor in 5.05 ms, found 3 plugins.
Preloading 0 native plugins for Editor in 0.00 ms.
Mono: successfully reloaded assembly
- Completed reload, in  3.337 seconds
Domain Reload Profiling:
	ReloadAssembly (3339ms)
		BeginReloadAssembly (491ms)
			ExecutionOrderSort (0ms)
			DisableScriptedObjects (10ms)
			BackupInstance (0ms)
			ReleaseScriptingObjects (0ms)
			CreateAndSetChildDomain (222ms)
		EndReloadAssembly (2646ms)
			LoadAssemblies (430ms)
			RebuildTransferFunctionScriptingTraits (0ms)
			SetupTypeCache (782ms)
			ReleaseScriptCaches (5ms)
			RebuildScriptCaches (144ms)
			SetupLoadedEditorAssemblies (1119ms)
				LogAssemblyErrors (0ms)
				InitializePlatformSupportModulesInManaged (37ms)
				SetLoadedEditorAssemblies (1ms)
				RefreshPlugins (5ms)
				BeforeProcessingInitializeOnLoad (286ms)
				ProcessInitializeOnLoadAttributes (675ms)
				ProcessInitializeOnLoadMethodAttributes (92ms)
				AfterProcessingInitializeOnLoad (22ms)
				EditorAssembliesLoaded (1ms)
			ExecutionOrderSort2 (0ms)
			AwakeInstancesAfterBackupRestoration (17ms)
Platform modules already initialized, skipping
Refreshing native plugins compatible for Editor in 12.04 ms, found 3 plugins.
Preloading 0 native plugins for Editor in 0.00 ms.
Unloading 3467 Unused Serialized files (Serialized files now loaded: 0)
Unloading 27 unused Assets / (1.0 MB). Loaded Objects now: 4039.
Memory consumption went from 227.8 MB to 226.8 MB.
Total: 15.534100 ms (FindLiveObjects: 0.608400 ms CreateObjectMapping: 0.561400 ms MarkObjects: 13.270500 ms  DeleteObjects: 1.092300 ms)

AssetImportParameters requested are different than current active one (requested -> active):
  custom:video-decoder-ogg-theora: a1e56fd34408186e4bbccfd4996cb3dc -> 
  custom:container-muxer-webm: aa71ff27fc2769a1b78a27578f13a17b -> 
  custom:container-demuxer-webm: 4f35f7cbe854078d1ac9338744f61a02 -> 
  custom:video-encoder-webm-vp8: eb34c28f22e8b96e1ab97ce403110664 -> 
  custom:audio-encoder-webm-vorbis: bf7c407c2cedff20999df2af8eb42d56 -> 
  custom:framework-win-MediaFoundation: 216162199b28c13a410421893ffa2e32 -> 
  custom:container-demuxer-ogg: 62fdf1f143b41e24485cea50d1cbac27 -> 
  custom:video-decoder-webm-vp8: 9c59270c3fd7afecdb556c50c9e8de78 -> 
  custom:audio-decoder-ogg-vorbis: bf7c407c2cedff20999df2af8eb42d56 -> 
========================================================================
Received Prepare
Registering precompiled user dll's ...
Registered in 0.015755 seconds.
Begin MonoManager ReloadAssembly
Symbol file LoadedFromMemory doesn't match image C:\Users\as_hy\Desktop\NoWhere\NoWhere\Library\PackageCache\com.unity.visualscripting@1.7.8\Editor\VisualScripting.Core\Dependencies\YamlDotNet\Unity.VisualScripting.YamlDotNet.dll
Symbol file LoadedFromMemory doesn't match image C:\Users\as_hy\Desktop\NoWhere\NoWhere\Library\PackageCache\com.unity.visualscripting@1.7.8\Editor\VisualScripting.Core\Dependencies\DotNetZip\Unity.VisualScripting.IonicZip.dll
Native extension for WindowsStandalone target not found
Refreshing native plugins compatible for Editor in 1.55 ms, found 3 plugins.
Preloading 0 native plugins for Editor in 0.00 ms.
Mono: successfully reloaded assembly
- Completed reload, in  4.914 seconds
Domain Reload Profiling:
	ReloadAssembly (4915ms)
		BeginReloadAssembly (552ms)
			ExecutionOrderSort (0ms)
			DisableScriptedObjects (14ms)
			BackupInstance (0ms)
			ReleaseScriptingObjects (0ms)
			CreateAndSetChildDomain (91ms)
		EndReloadAssembly (3912ms)
			LoadAssemblies (551ms)
			RebuildTransferFunctionScriptingTraits (0ms)
			SetupTypeCache (1641ms)
			ReleaseScriptCaches (2ms)
			RebuildScriptCaches (382ms)
			SetupLoadedEditorAssemblies (1236ms)
				LogAssemblyErrors (0ms)
				InitializePlatformSupportModulesInManaged (85ms)
				SetLoadedEditorAssemblies (1ms)
				RefreshPlugins (2ms)
				BeforeProcessingInitializeOnLoad (312ms)
				ProcessInitializeOnLoadAttributes (721ms)
				ProcessInitializeOnLoadMethodAttributes (93ms)
				AfterProcessingInitializeOnLoad (22ms)
				EditorAssembliesLoaded (1ms)
			ExecutionOrderSort2 (0ms)
			AwakeInstancesAfterBackupRestoration (19ms)
Platform modules already initialized, skipping
Refreshing native plugins compatible for Editor in 4.91 ms, found 3 plugins.
Preloading 0 native plugins for Editor in 0.00 ms.
Unloading 3467 Unused Serialized files (Serialized files now loaded: 0)
Unloading 27 unused Assets / (1.0 MB). Loaded Objects now: 4042.
Memory consumption went from 227.8 MB to 226.8 MB.
Total: 10.108100 ms (FindLiveObjects: 1.687300 ms CreateObjectMapping: 0.513200 ms MarkObjects: 7.155700 ms  DeleteObjects: 0.750000 ms)

AssetImportParameters requested are different than current active one (requested -> active):
  custom:video-decoder-ogg-theora: a1e56fd34408186e4bbccfd4996cb3dc -> 
  custom:container-muxer-webm: aa71ff27fc2769a1b78a27578f13a17b -> 
  custom:container-demuxer-webm: 4f35f7cbe854078d1ac9338744f61a02 -> 
  custom:video-encoder-webm-vp8: eb34c28f22e8b96e1ab97ce403110664 -> 
  custom:audio-encoder-webm-vorbis: bf7c407c2cedff20999df2af8eb42d56 -> 
  custom:framework-win-MediaFoundation: 216162199b28c13a410421893ffa2e32 -> 
  custom:container-demuxer-ogg: 62fdf1f143b41e24485cea50d1cbac27 -> 
  custom:video-decoder-webm-vp8: 9c59270c3fd7afecdb556c50c9e8de78 -> 
  custom:audio-decoder-ogg-vorbis: bf7c407c2cedff20999df2af8eb42d56 -> 
